This is pdfTeX, Version 3.141592653-2.6-1.40.22 (TeX Live 2022/dev/Debian) (preloaded format=latex 2023.3.3)  25 MAY 2023 11:01
entering extended mode
 restricted \write18 enabled.
 %&-line parsing enabled.
**\makeatletter\def\HCode{\futurelet\HCode\HChar}\def\HChar{\ifx"\HCode\def\HCo
de"##1"{\Link##1}\expandafter\HCode\else\expandafter\Link\fi}\def\Link#1.a.b.c.
{\g@addto@macro\@documentclasshook{\RequirePackage[#1,html]{tex4ht}}\let\HCode\
documentstyle\def\documentstyle{\let\documentstyle\HCode\expandafter\def\csname
 tex4ht\endcsname{#1,html}\def\HCode####1{\documentstyle[tex4ht,}\@ifnextchar[{
\HCode}{\documentstyle[tex4ht]}}}\makeatother\HCode boletinsema,charset=utf-8,i
nfo.a.b.c.\input  boletin32

! Emergency stop.
<*> ...,charset=utf-8,info.a.b.c.\input  boletin32
                                                  
End of file on the terminal!

 
Here is how much of TeX's memory you used:
 17 strings out of 480090
 389 string characters out of 5891610
 284440 words of memory out of 5000000
 18085 multiletter control sequences out of 15000+600000
 469259 words of font info for 28 fonts, out of 8000000 for 9000
 85 hyphenation exceptions out of 8191
 12i,0n,12p,530b,10s stack positions out of 5000i,500n,10000p,200000b,80000s
No pages of output.
